Performing C SOURCE FILE Test CMAKE_HAVE_LIBC_PTHREAD failed with the following output:
Change Dir: /home/pi/IntelligenceHomeSys/SecuritySubsystem/mjpg-streamer-master/mjpg-streamer-experimental/_build/CMakeFiles/CMakeTmp

Run Build Command(s):/usr/bin/make cmTC_5d88e/fast && make[1]: 进入目录“/home/pi/IntelligenceHomeSys/SecuritySubsystem/mjpg-streamer-master/mjpg-streamer-experimental/_build/CMakeFiles/CMakeTmp”
/usr/bin/make -f CMakeFiles/cmTC_5d88e.dir/build.make CMakeFiles/cmTC_5d88e.dir/build
make[2]: 进入目录“/home/pi/IntelligenceHomeSys/SecuritySubsystem/mjpg-streamer-master/mjpg-streamer-experimental/_build/CMakeFiles/CMakeTmp”
Building C object CMakeFiles/cmTC_5d88e.dir/src.c.o
/usr/bin/cc   -DCMAKE_HAVE_LIBC_PTHREAD   -o CMakeFiles/cmTC_5d88e.dir/src.c.o   -c /home/pi/IntelligenceHomeSys/SecuritySubsystem/mjpg-streamer-master/mjpg-streamer-experimental/_build/CMakeFiles/CMakeTmp/src.c
Linking C executable cmTC_5d88e
/usr/bin/cmake -E cmake_link_script CMakeFiles/cmTC_5d88e.dir/link.txt --verbose=1
/usr/bin/cc  -DCMAKE_HAVE_LIBC_PTHREAD    -rdynamic CMakeFiles/cmTC_5d88e.dir/src.c.o  -o cmTC_5d88e 
/usr/bin/ld: CMakeFiles/cmTC_5d88e.dir/src.c.o: in function `main':
src.c:(.text+0x40): undefined reference to `pthread_create'
/usr/bin/ld: src.c:(.text+0x4c): undefined reference to `pthread_detach'
/usr/bin/ld: src.c:(.text+0x5c): undefined reference to `pthread_join'
collect2: error: ld returned 1 exit status
make[2]: *** [CMakeFiles/cmTC_5d88e.dir/build.make:87：cmTC_5d88e] 错误 1
make[2]: 离开目录“/home/pi/IntelligenceHomeSys/SecuritySubsystem/mjpg-streamer-master/mjpg-streamer-experimental/_build/CMakeFiles/CMakeTmp”
make[1]: *** [Makefile:121：cmTC_5d88e/fast] 错误 2
make[1]: 离开目录“/home/pi/IntelligenceHomeSys/SecuritySubsystem/mjpg-streamer-master/mjpg-streamer-experimental/_build/CMakeFiles/CMakeTmp”


Source file was:
#include <pthread.h>

void* test_func(void* data)
{
  return data;
}

int main(void)
{
  pthread_t thread;
  pthread_create(&thread, NULL, test_func, NULL);
  pthread_detach(thread);
  pthread_join(thread, NULL);
  pthread_atfork(NULL, NULL, NULL);
  pthread_exit(NULL);

  return 0;
}

Determining if the function pthread_create exists in the pthreads failed with the following output:
Change Dir: /home/pi/IntelligenceHomeSys/SecuritySubsystem/mjpg-streamer-master/mjpg-streamer-experimental/_build/CMakeFiles/CMakeTmp

Run Build Command(s):/usr/bin/make cmTC_e049a/fast && make[1]: 进入目录“/home/pi/IntelligenceHomeSys/SecuritySubsystem/mjpg-streamer-master/mjpg-streamer-experimental/_build/CMakeFiles/CMakeTmp”
/usr/bin/make -f CMakeFiles/cmTC_e049a.dir/build.make CMakeFiles/cmTC_e049a.dir/build
make[2]: 进入目录“/home/pi/IntelligenceHomeSys/SecuritySubsystem/mjpg-streamer-master/mjpg-streamer-experimental/_build/CMakeFiles/CMakeTmp”
Building C object CMakeFiles/cmTC_e049a.dir/CheckFunctionExists.c.o
/usr/bin/cc   -DCHECK_FUNCTION_EXISTS=pthread_create   -o CMakeFiles/cmTC_e049a.dir/CheckFunctionExists.c.o   -c /usr/share/cmake-3.16/Modules/CheckFunctionExists.c
Linking C executable cmTC_e049a
/usr/bin/cmake -E cmake_link_script CMakeFiles/cmTC_e049a.dir/link.txt --verbose=1
/usr/bin/cc  -DCHECK_FUNCTION_EXISTS=pthread_create    -rdynamic CMakeFiles/cmTC_e049a.dir/CheckFunctionExists.c.o  -o cmTC_e049a  -lpthreads 
/usr/bin/ld: 找不到 -lpthreads
collect2: error: ld returned 1 exit status
make[2]: *** [CMakeFiles/cmTC_e049a.dir/build.make:87：cmTC_e049a] 错误 1
make[2]: 离开目录“/home/pi/IntelligenceHomeSys/SecuritySubsystem/mjpg-streamer-master/mjpg-streamer-experimental/_build/CMakeFiles/CMakeTmp”
make[1]: *** [Makefile:121：cmTC_e049a/fast] 错误 2
make[1]: 离开目录“/home/pi/IntelligenceHomeSys/SecuritySubsystem/mjpg-streamer-master/mjpg-streamer-experimental/_build/CMakeFiles/CMakeTmp”



